[ 2017-05-14T16:21:12+08:00 ] 127.0.0.1 /
INFO: [ app_init ] --START--
INFO: Run Behavior\BuildLiteBehavior [ RunTime:0.000000s ]
INFO: [ app_init ] --END-- [ RunTime:0.000000s ]
NOTIC: [8] Use of undefined constant ture - assumed 'ture' D:\xampp\htdocs\shop2\Home\Conf\config.php 第 8 行.
NOTIC: [8] Use of undefined constant ture - assumed 'ture' D:\xampp\htdocs\shop2\Home\Conf\config.php 第 9 行.
INFO: [ app_begin ] --START--
INFO: Run Behavior\ReadHtmlCacheBehavior [ RunTime:0.011001s ]
INFO: [ app_begin ] --END-- [ RunTime:0.011001s ]
SQL: SHOW COLUMNS FROM `cat` [ RunTime:0.0010s ]
SQL: SHOW COLUMNS FROM `goods` [ RunTime:0.0020s ]
SQL: SELECT `goods_id`,`goods_name`,`shop_price`,`thumb_img`,`market_price` FROM `goods` WHERE ( is_hot=1 ) ORDER BY goods_id desc LIMIT 4   [ RunTime:0.0000s ]
INFO: [ view_parse ] --START--
INFO: [ template_filter ] --START--
INFO: Run Behavior\ContentReplaceBehavior [ RunTime:0.000000s ]
INFO: [ template_filter ] --END-- [ RunTime:0.000000s ]
NOTIC: [8] Use of undefined constant thumb_img - assumed 'thumb_img' D:\xampp\htdocs\shop2\Runtime\Cache\Home\22dfa6874d707d387f7ea89bc67b566a.php 第 276 行.
NOTIC: [8] Use of undefined constant thumb_img - assumed 'thumb_img' D:\xampp\htdocs\shop2\Runtime\Cache\Home\22dfa6874d707d387f7ea89bc67b566a.php 第 276 行.
NOTIC: [8] Use of undefined constant thumb_img - assumed 'thumb_img' D:\xampp\htdocs\shop2\Runtime\Cache\Home\22dfa6874d707d387f7ea89bc67b566a.php 第 276 行.
NOTIC: [8] Use of undefined constant thumb_img - assumed 'thumb_img' D:\xampp\htdocs\shop2\Runtime\Cache\Home\22dfa6874d707d387f7ea89bc67b566a.php 第 276 行.
INFO: Run Behavior\ParseTemplateBehavior [ RunTime:0.022001s ]
INFO: [ view_parse ] --END-- [ RunTime:0.022001s ]
INFO: [ view_filter ] --START--
INFO: Run Behavior\WriteHtmlCacheBehavior [ RunTime:0.011000s ]
INFO: [ view_filter ] --END-- [ RunTime:0.011000s ]
INFO: [ app_end ] --START--
INFO: Run Behavior\ShowPageTraceBehavior [ RunTime:0.002000s ]
INFO: [ app_end ] --END-- [ RunTime:0.002000s ]

[ 2017-05-14T16:21:38+08:00 ] 127.0.0.1 /index.php/Home/Cat/cat/cat_id/3.html
INFO: [ app_init ] --START--
INFO: Run Behavior\BuildLiteBehavior [ RunTime:0.000000s ]
INFO: [ app_init ] --END-- [ RunTime:0.000000s ]
NOTIC: [8] Use of undefined constant ture - assumed 'ture' D:\xampp\htdocs\shop2\Home\Conf\config.php 第 8 行.
NOTIC: [8] Use of undefined constant ture - assumed 'ture' D:\xampp\htdocs\shop2\Home\Conf\config.php 第 9 行.
INFO: [ app_begin ] --START--
INFO: Run Behavior\ReadHtmlCacheBehavior [ RunTime:0.000000s ]
INFO: [ app_begin ] --END-- [ RunTime:0.001000s ]
SQL: SHOW COLUMNS FROM `cat` [ RunTime:0.0110s ]
NOTIC: [2] array_reverse() expects parameter 1 to be array, null given D:\xampp\htdocs\shop2\Home\Controller\CatController.class.php 第 13 行.
SQL: SHOW COLUMNS FROM `goods` [ RunTime:0.0010s ]
SQL: SELECT `goods_id`,`goods_name`,`shop_price`,`market_price`,`thumb_img` FROM `goods` WHERE ( cat_id=3 )  [ RunTime:0.0000s ]
INFO: [ view_parse ] --START--
INFO: [ template_filter ] --START--
INFO: Run Behavior\ContentReplaceBehavior [ RunTime:0.000000s ]
INFO: [ template_filter ] --END-- [ RunTime:0.000000s ]
INFO: Run Behavior\ParseTemplateBehavior [ RunTime:0.023001s ]
INFO: [ view_parse ] --END-- [ RunTime:0.023001s ]
INFO: [ view_filter ] --START--
INFO: Run Behavior\WriteHtmlCacheBehavior [ RunTime:0.001000s ]
INFO: [ view_filter ] --END-- [ RunTime:0.001000s ]
INFO: [ app_end ] --START--
INFO: Run Behavior\ShowPageTraceBehavior [ RunTime:0.001000s ]
INFO: [ app_end ] --END-- [ RunTime:0.001000s ]

[ 2017-05-14T16:21:38+08:00 ] 127.0.0.1 /index.php/Home/Cat/cat/cat_id/themes/68ecshop_hechafree/images/sdgg.gif
INFO: [ app_init ] --START--
INFO: Run Behavior\BuildLiteBehavior [ RunTime:0.000000s ]
INFO: [ app_init ] --END-- [ RunTime:0.000000s ]
NOTIC: [8] Use of undefined constant ture - assumed 'ture' D:\xampp\htdocs\shop2\Home\Conf\config.php 第 8 行.
NOTIC: [8] Use of undefined constant ture - assumed 'ture' D:\xampp\htdocs\shop2\Home\Conf\config.php 第 9 行.

[ 2017-05-14T16:21:38+08:00 ] 127.0.0.1 /index.php/Home/Cat/cat/cat_id/api/cron.php-t=1452023217
INFO: [ app_init ] --START--
INFO: Run Behavior\BuildLiteBehavior [ RunTime:0.000000s ]
INFO: [ app_init ] --END-- [ RunTime:0.000000s ]
NOTIC: [8] Use of undefined constant ture - assumed 'ture' D:\xampp\htdocs\shop2\Home\Conf\config.php 第 8 行.
NOTIC: [8] Use of undefined constant ture - assumed 'ture' D:\xampp\htdocs\shop2\Home\Conf\config.php 第 9 行.
INFO: [ app_begin ] --START--
INFO: Run Behavior\ReadHtmlCacheBehavior [ RunTime:0.001000s ]
INFO: [ app_begin ] --END-- [ RunTime:0.001000s ]
SQL: SHOW COLUMNS FROM `cat` [ RunTime:0.0030s ]
NOTIC: [2] array_reverse() expects parameter 1 to be array, null given D:\xampp\htdocs\shop2\Home\Controller\CatController.class.php 第 13 行.
SQL: SHOW COLUMNS FROM `goods` [ RunTime:0.0030s ]
ERR: 1054:Unknown column 'api' in 'where clause'
 [ SQL语句 ] : SELECT `goods_id`,`goods_name`,`shop_price`,`market_price`,`thumb_img` FROM `goods` WHERE ( cat_id=api ) 
ERR: 1054:Unknown column 'api' in 'where clause'
 [ SQL语句 ] : SELECT `goods_id`,`goods_name`,`shop_price`,`market_price`,`thumb_img` FROM `goods` WHERE ( cat_id=api ) 

[ 2017-05-14T16:21:42+08:00 ] 127.0.0.1 /index.php/Home/goods/goods/goods_id/8.html
INFO: [ app_init ] --START--
INFO: Run Behavior\BuildLiteBehavior [ RunTime:0.000000s ]
INFO: [ app_init ] --END-- [ RunTime:0.000000s ]
NOTIC: [8] Use of undefined constant ture - assumed 'ture' D:\xampp\htdocs\shop2\Home\Conf\config.php 第 8 行.
NOTIC: [8] Use of undefined constant ture - assumed 'ture' D:\xampp\htdocs\shop2\Home\Conf\config.php 第 9 行.
INFO: [ app_begin ] --START--
INFO: Run Behavior\ReadHtmlCacheBehavior [ RunTime:0.001000s ]
INFO: [ app_begin ] --END-- [ RunTime:0.001000s ]
SQL: SHOW COLUMNS FROM `goods` [ RunTime:0.0010s ]
SQL: SELECT * FROM `goods` WHERE `goods_id` = 8 LIMIT 1   [ RunTime:0.0000s ]
SQL: SHOW COLUMNS FROM `comment` [ RunTime:0.0130s ]
SQL: SELECT * FROM `comment` WHERE ( 1=1 AND goods_id='8' )  [ RunTime:0.0000s ]
SQL: SHOW COLUMNS FROM `cat` [ RunTime:0.0010s ]
SQL: SELECT * FROM `cat` WHERE `cat_id` = 3 LIMIT 1   [ RunTime:0.0010s ]
NOTIC: [8] Undefined index: parent D:\xampp\htdocs\shop2\Home\Controller\GoodsController.class.php 第 59 行.
INFO: [ view_parse ] --START--
INFO: [ template_filter ] --START--
INFO: Run Behavior\ContentReplaceBehavior [ RunTime:0.000000s ]
INFO: [ template_filter ] --END-- [ RunTime:0.000000s ]
INFO: Run Behavior\ParseTemplateBehavior [ RunTime:0.042002s ]
INFO: [ view_parse ] --END-- [ RunTime:0.043002s ]
INFO: [ view_filter ] --START--
INFO: Run Behavior\WriteHtmlCacheBehavior [ RunTime:0.000000s ]
INFO: [ view_filter ] --END-- [ RunTime:0.000000s ]
INFO: [ app_end ] --START--
INFO: Run Behavior\ShowPageTraceBehavior [ RunTime:0.000000s ]
INFO: [ app_end ] --END-- [ RunTime:0.000000s ]

[ 2017-05-14T16:21:42+08:00 ] 127.0.0.1 /index.php/Home/goods/goods/goods_id/api/cron.php-t=1452023217
INFO: [ app_init ] --START--
INFO: Run Behavior\BuildLiteBehavior [ RunTime:0.000000s ]
INFO: [ app_init ] --END-- [ RunTime:0.000000s ]
NOTIC: [8] Use of undefined constant ture - assumed 'ture' D:\xampp\htdocs\shop2\Home\Conf\config.php 第 8 行.
NOTIC: [8] Use of undefined constant ture - assumed 'ture' D:\xampp\htdocs\shop2\Home\Conf\config.php 第 9 行.
INFO: [ app_begin ] --START--
INFO: Run Behavior\ReadHtmlCacheBehavior [ RunTime:0.001000s ]
INFO: [ app_begin ] --END-- [ RunTime:0.001000s ]
SQL: SHOW COLUMNS FROM `goods` [ RunTime:0.0030s ]
SQL: SELECT * FROM `goods` WHERE `goods_id` = 0 LIMIT 1   [ RunTime:0.0010s ]
SQL: SHOW COLUMNS FROM `cat` [ RunTime:0.0020s ]
SQL: SELECT * FROM `cat` LIMIT 1   [ RunTime:0.0010s ]
NOTIC: [8] Undefined index: parent D:\xampp\htdocs\shop2\Home\Controller\GoodsController.class.php 第 59 行.
INFO: [ view_parse ] --START--
INFO: [ template_filter ] --START--
INFO: Run Behavior\ContentReplaceBehavior [ RunTime:0.001000s ]
INFO: [ template_filter ] --END-- [ RunTime:0.001000s ]
INFO: Run Behavior\ParseTemplateBehavior [ RunTime:0.032001s ]
INFO: [ view_parse ] --END-- [ RunTime:0.032001s ]
INFO: [ view_filter ] --START--
INFO: Run Behavior\WriteHtmlCacheBehavior [ RunTime:0.001001s ]
INFO: [ view_filter ] --END-- [ RunTime:0.001001s ]
INFO: [ app_end ] --START--
INFO: Run Behavior\ShowPageTraceBehavior [ RunTime:0.001000s ]
INFO: [ app_end ] --END-- [ RunTime:0.001000s ]

[ 2017-05-14T16:21:43+08:00 ] 127.0.0.1 /index.php/Home/goods/goods/goods_id/api/cron.php-t=1452023217
INFO: [ app_init ] --START--
INFO: Run Behavior\BuildLiteBehavior [ RunTime:0.000000s ]
INFO: [ app_init ] --END-- [ RunTime:0.000000s ]
NOTIC: [8] Use of undefined constant ture - assumed 'ture' D:\xampp\htdocs\shop2\Home\Conf\config.php 第 8 行.
NOTIC: [8] Use of undefined constant ture - assumed 'ture' D:\xampp\htdocs\shop2\Home\Conf\config.php 第 9 行.
INFO: [ app_begin ] --START--
INFO: Run Behavior\ReadHtmlCacheBehavior [ RunTime:0.001000s ]
INFO: [ app_begin ] --END-- [ RunTime:0.001000s ]
SQL: SHOW COLUMNS FROM `goods` [ RunTime:0.0010s ]
SQL: SELECT * FROM `goods` WHERE `goods_id` = 0 LIMIT 1   [ RunTime:0.0000s ]
SQL: SHOW COLUMNS FROM `cat` [ RunTime:0.0020s ]
SQL: SELECT * FROM `cat` LIMIT 1   [ RunTime:0.0010s ]
NOTIC: [8] Undefined index: parent D:\xampp\htdocs\shop2\Home\Controller\GoodsController.class.php 第 59 行.
INFO: [ view_parse ] --START--
INFO: [ template_filter ] --START--
INFO: Run Behavior\ContentReplaceBehavior [ RunTime:0.000000s ]
INFO: [ template_filter ] --END-- [ RunTime:0.000000s ]
INFO: Run Behavior\ParseTemplateBehavior [ RunTime:0.033001s ]
INFO: [ view_parse ] --END-- [ RunTime:0.033001s ]
INFO: [ view_filter ] --START--
INFO: Run Behavior\WriteHtmlCacheBehavior [ RunTime:0.001001s ]
INFO: [ view_filter ] --END-- [ RunTime:0.001001s ]
INFO: [ app_end ] --START--
INFO: Run Behavior\ShowPageTraceBehavior [ RunTime:0.001000s ]
INFO: [ app_end ] --END-- [ RunTime:0.001000s ]

